<?xml version="1.0" encoding="UTF-8"?>
<!-- Generated by org.testng.reporters.JUnitReportReporter -->
<testsuite hostname="Optiplex790" name="com.shotkin.david.IngredientsTest" tests="3" failures="0" timestamp="26 Dec 2017 22:55:29 GMT" time="0.626" errors="0">
  <testcase name="thirdIngredient" time="0.155" classname="com.shotkin.david.IngredientsTest"/>
  <testcase name="fullList" time="0.155" classname="com.shotkin.david.IngredientsTest"/>
  <testcase name="fifthIngredient" time="0.316" classname="com.shotkin.david.IngredientsTest"/>
</testsuite> <!-- com.shotkin.david.IngredientsTest -->
