<?xml version="1.0" encoding="UTF-8"?>
<!-- Generated by org.testng.reporters.JUnitReportReporter -->
<testsuite hostname="Optiplex790" name="com.shotkin.david.DictionaryTest" tests="6" failures="0" timestamp="26 Dec 2017 22:55:28 GMT" time="0.028" errors="0">
  <testcase name="nullFile" time="0.001" classname="com.shotkin.david.DictionaryTest"/>
  <testcase name="realFile" time="0.001" classname="com.shotkin.david.DictionaryTest"/>
  <testcase name="nonExistentFile" time="0.001" classname="com.shotkin.david.DictionaryTest"/>
  <testcase name="directory" time="0.005" classname="com.shotkin.david.DictionaryTest"/>
  <testcase name="dictionary" time="0.019" classname="com.shotkin.david.DictionaryTest"/>
  <testcase name="emptyFile" time="0.001" classname="com.shotkin.david.DictionaryTest"/>
</testsuite> <!-- com.shotkin.david.DictionaryTest -->
