<?xml version="1.0" encoding="UTF-8"?>
<!-- Generated by org.testng.reporters.JUnitReportReporter -->
<testsuite hostname="Optiplex790" name="com.shotkin.david.ReverseTest" tests="3" failures="0" timestamp="26 Dec 2017 22:55:28 GMT" time="0.021" errors="0">
  <testcase name="reverseString" time="0.002" classname="com.shotkin.david.ReverseTest"/>
  <testcase name="reverseNull" time="0.001" classname="com.shotkin.david.ReverseTest"/>
  <testcase name="reverseCharacter" time="0.018" classname="com.shotkin.david.ReverseTest"/>
</testsuite> <!-- com.shotkin.david.ReverseTest -->
